<?xml version="1.0" encoding="UTF-8"?>
<!-- Generated by org.testng.reporters.JUnitReportReporter -->
<testsuite hostname="Nsquare" failures="0" tests="1" name="com.wordpressTestcases.CalcPayment" time="13.665" errors="0" timestamp="2021-07-01T10:20:24 PDT" skipped="0">
  <testcase classname="com.wordpressTestcases.CalcPayment" name="captureMonthlyPayment" time="13.665"/>
  <system-out/>
</testsuite> <!-- com.wordpressTestcases.CalcPayment -->
