<?xml version="1.0" encoding="UTF-8"?>
<!-- Generated by org.testng.reporters.JUnitReportReporter -->
<testsuite hostname="Nsquare" failures="0" tests="3" name="com.wordpressTestcases.CalcPayment" time="17.967" errors="0" timestamp="2021-07-06T13:54:05 PDT" skipped="1">
  <testcase classname="com.wordpressTestcases.CalcPayment" name="secondtest" time="0.028"/>
  <system-out/>
  <testcase classname="com.wordpressTestcases.CalcPayment" name="captureMonthlyPayment" time="17.939"/>
  <system-out/>
  <testcase classname="com.wordpressTestcases.CalcPayment" name="Thirdtest">
    <skipped/>
  </testcase> <!-- Thirdtest -->
  <system-out/>
</testsuite> <!-- com.wordpressTestcases.CalcPayment -->
