<?xml version="1.0" encoding="UTF-8"?>
<!-- Generated by org.testng.reporters.JUnitReportReporter -->
<testsuite hostname="Nsquare" failures="0" tests="2" name="com.wordpressTestcases.Temp_TestNG" time="0.070" errors="0" timestamp="2021-07-06T13:54:05 PDT" skipped="0">
  <testcase classname="com.wordpressTestcases.Temp_TestNG" name="mytest2" time="0.024"/>
  <system-out/>
  <testcase classname="com.wordpressTestcases.Temp_TestNG" name="mytest1" time="0.046"/>
  <system-out/>
</testsuite> <!-- com.wordpressTestcases.Temp_TestNG -->
