<?xml version="1.0" encoding="UTF-8"?>
<!-- Generated by org.testng.reporters.JUnitReportReporter -->
<testsuite hostname="Nsquare" failures="0" tests="2" name="com.wordpressPages.Temp_TestNG" time="0.024" errors="0" timestamp="2021-07-06T11:53:04 PDT" skipped="0">
  <testcase classname="com.wordpressPages.Temp_TestNG" name="mytest1" time="0.018"/>
  <system-out/>
  <testcase classname="com.wordpressPages.Temp_TestNG" name="mytest2" time="0.006"/>
  <system-out/>
</testsuite> <!-- com.wordpressPages.Temp_TestNG -->
